<?xml version="1.0" encoding="UTF-8" ?>
<testsuite tests="11" failures="0" name="com.hbc.tech.paintshop.analyser.PaintShopTest" time="0.188" errors="0" skipped="0">
  <properties>
    <property name="java.runtime.name" value="Java(TM) SE Runtime Environment"/>
    <property name="sun.boot.library.path" value="C:\Program Files\Java\jdk1.8.0_121\jre\bin"/>
    <property name="java.vm.version" value="25.121-b13"/>
    <property name="java.vm.vendor" value="Oracle Corporation"/>
    <property name="maven.multiModuleProjectDirectory" value="C:/challenge/paintshop"/>
    <property name="java.vendor.url" value="http://java.oracle.com/"/>
    <property name="path.separator" value=";"/>
    <property name="guice.disable.misplaced.annotation.check" value="true"/>
    <property name="java.vm.name" value="Java HotSpot(TM) 64-Bit Server VM"/>
    <property name="file.encoding.pkg" value="sun.io"/>
    <property name="user.script" value=""/>
    <property name="user.country" value="IE"/>
    <property name="sun.java.launcher" value="SUN_STANDARD"/>
    <property name="sun.os.patch.level" value="Service Pack 1"/>
    <property name="java.vm.specification.name" value="Java Virtual Machine Specification"/>
    <property name="user.dir" value="C:\challenge\paintshop"/>
    <property name="java.runtime.version" value="1.8.0_121-b13"/>
    <property name="java.awt.graphicsenv" value="sun.awt.Win32GraphicsEnvironment"/>
    <property name="java.endorsed.dirs" value="C:\Program Files\Java\jdk1.8.0_121\jre\lib\endorsed"/>
    <property name="os.arch" value="amd64"/>
    <property name="java.io.tmpdir" value="C:\Users\easchud\AppData\Local\Temp\"/>
    <property name="line.separator" value="
"/>
    <property name="java.vm.specification.vendor" value="Oracle Corporation"/>
    <property name="user.variant" value=""/>
    <property name="os.name" value="Windows 7"/>
    <property name="classworlds.conf" value="C:/tools/mvn3.3.9/bin/m2.conf"/>
    <property name="sun.jnu.encoding" value="Cp1252"/>
    <property name="java.library.path" value="C:\Program Files\Java\jdk1.8.0_121\bin;C:\WINDOWS\Sun\Java\bin;C:\WINDOWS\system32;C:\WINDOWS;C:\Users\easchud\bin;C:\Program Files\Git\mingw64\bin;C:\Program Files\Git\usr\local\bin;C:\Program Files\Git\usr\bin;C:\Program Files\Git\usr\bin;C:\Program Files\Git\mingw64\bin;C:\Program Files\Git\usr\bin;C:\Users\easchud\bin;C:\ProgramData\Oracle\Java\javapath;C:\WINDOWS\system32;C:\WINDOWS;C:\WINDOWS\System32\Wbem;C:\WINDOWS\System32\WindowsPowerShell\v1.0;C:\WINDOWS\system32;C:\WINDOWS;C:\WINDOWS\System32\Wbem;C:\Program Files (x86)\SQL11\DLL;C:\Program Files (x86)\SQL11\BIN;C:\Program Files (x86)\ATI Technologies\ATI.ACE\Core-Static;C:\Program Files\Git\cmd;C:\tools\mvn3.3.9\bin;C:\Program Files (x86)\Skype\Phone;C:\Program Files (x86)\CheckPoint\Endpoint Security\Endpoint Common\bin;C:\Program Files (x86)\WinMerge;C:\Program Files\Java\jdk1.8.0_121\jre\bin;C:\Program Files\Java\jdk1.8.0_121;C:\adb;C:\Program Files\Intel\WiFi\bin;C:\Program Files\Common Files\Intel\WirelessCommon;C:\WINDOWS\system32;C:\WINDOWS;C:\WINDOWS\System32\Wbem;C:\WINDOWS\System32\WindowsPowerShell\v1.0;C:\Program Files (x86)\SQL11\DLL;C:\Program Files (x86)\SQL11\BIN;C:\Program Files (x86)\ATI Technologies\ATI.ACE\Core-Static;C:\Program Files\Git\cmd;C:\tools\mvn3.3.9\bin;C:\Program Files (x86)\Skype\Phone;C:\Program Files (x86)\CheckPoint\Endpoint Security\Endpoint Common\bin;C:\Program Files (x86)\WinMerge;C:\Program Files\Java\jdk1.8.0_121;C:\Users\easchud\AppData\Local\atom\bin;C:\Program Files\Git\usr\bin\vendor_perl;C:\Program Files\Git\usr\bin\core_perl;."/>
    <property name="java.specification.name" value="Java Platform API Specification"/>
    <property name="java.class.version" value="52.0"/>
    <property name="sun.management.compiler" value="HotSpot 64-Bit Tiered Compilers"/>
    <property name="os.version" value="6.1"/>
    <property name="user.home" value="C:\Users\easchud"/>
    <property name="user.timezone" value="Europe/London"/>
    <property name="java.awt.printerjob" value="sun.awt.windows.WPrinterJob"/>
    <property name="java.specification.version" value="1.8"/>
    <property name="file.encoding" value="Cp1252"/>
    <property name="user.name" value="easchud"/>
    <property name="java.class.path" value="C:/tools/mvn3.3.9/boot/plexus-classworlds-2.5.2.jar"/>
    <property name="java.vm.specification.version" value="1.8"/>
    <property name="sun.arch.data.model" value="64"/>
    <property name="java.home" value="C:\Program Files\Java\jdk1.8.0_121\jre"/>
    <property name="sun.java.command" value="org.codehaus.plexus.classworlds.launcher.Launcher install"/>
    <property name="java.specification.vendor" value="Oracle Corporation"/>
    <property name="user.language" value="en"/>
    <property name="awt.toolkit" value="sun.awt.windows.WToolkit"/>
    <property name="java.vm.info" value="mixed mode"/>
    <property name="java.version" value="1.8.0_121"/>
    <property name="java.ext.dirs" value="C:\Program Files\Java\jdk1.8.0_121\jre\lib\ext;C:\WINDOWS\Sun\Java\lib\ext"/>
    <property name="sun.boot.class.path" value="C:\Program Files\Java\jdk1.8.0_121\jre\lib\resources.jar;C:\Program Files\Java\jdk1.8.0_121\jre\lib\rt.jar;C:\Program Files\Java\jdk1.8.0_121\jre\lib\sunrsasign.jar;C:\Program Files\Java\jdk1.8.0_121\jre\lib\jsse.jar;C:\Program Files\Java\jdk1.8.0_121\jre\lib\jce.jar;C:\Program Files\Java\jdk1.8.0_121\jre\lib\charsets.jar;C:\Program Files\Java\jdk1.8.0_121\jre\lib\jfr.jar;C:\Program Files\Java\jdk1.8.0_121\jre\classes"/>
    <property name="java.vendor" value="Oracle Corporation"/>
    <property name="maven.home" value="C:\tools\mvn3.3.9"/>
    <property name="file.separator" value="\"/>
    <property name="java.vendor.url.bug" value="http://bugreport.sun.com/bugreport/"/>
    <property name="sun.cpu.endian" value="little"/>
    <property name="sun.io.unicode.encoding" value="UnicodeLittle"/>
    <property name="sun.desktop" value="windows"/>
    <property name="sun.cpu.isalist" value="amd64"/>
  </properties>
  <testcase classname="com.hbc.tech.paintshop.analyser.PaintShopTest" name="testScenario[Scenario 0: 5_GGGGG expected (G G G G G)}]" time="0.174"/>
  <testcase classname="com.hbc.tech.paintshop.analyser.PaintShopTest" name="testScenario[Scenario 1: 5_GGGGM expected (G G G G M)}]" time="0"/>
  <testcase classname="com.hbc.tech.paintshop.analyser.PaintShopTest" name="testScenario[Scenario 2: 5_GMGMG expected (G M G M G)}]" time="0.004"/>
  <testcase classname="com.hbc.tech.paintshop.analyser.PaintShopTest" name="testScenario[Scenario 3: 2_MM expected (M M)}]" time="0.001"/>
  <testcase classname="com.hbc.tech.paintshop.analyser.PaintShopTest" name="testScenario[Scenario 4: 10_GMGMGGGGGG expected (G M G M G G G G G G)}]" time="0.002"/>
  <testcase classname="com.hbc.tech.paintshop.analyser.PaintShopTest" name="testScenario[Scenario 5: 2_ANY_MM expected (M M)}]" time="0.001"/>
  <testcase classname="com.hbc.tech.paintshop.analyser.PaintShopTest" name="testScenario[Scenario 6: 1_No_solution_exists expected (java.lang.RuntimeException: com.hbc.tech.paintshop.exception.NoSolutionExistsException: No solution exists)}]" time="0.002"/>
  <testcase classname="com.hbc.tech.paintshop.analyser.PaintShopTest" name="testScenario[Scenario 7: 2_No_solution_exists expected (java.lang.RuntimeException: com.hbc.tech.paintshop.exception.NoSolutionExistsException: No solution exists)}]" time="0.001"/>
  <testcase classname="com.hbc.tech.paintshop.analyser.PaintShopTest" name="testScenario[Scenario 8: 2_InvalidMattePreference expected (java.lang.RuntimeException: com.hbc.tech.paintshop.exception.InvalidMatteChoiceException: Customer provided 2 choice for Matte Type)}]" time="0.001"/>
  <testcase classname="com.hbc.tech.paintshop.analyser.PaintShopTest" name="testScenario[Scenario 9: No_customer_preference expected (java.lang.RuntimeException: com.hbc.tech.paintshop.exception.MissingCustomerPreference: Customer preference not provided)}]" time="0.001"/>
  <testcase classname="com.hbc.tech.paintshop.analyser.PaintShopTest" name="testScenario[Scenario 10: invalid_color_range expected (java.lang.RuntimeException: com.hbc.tech.paintshop.exception.InvalidColorRangeException: Customer choice has invalid color range)}]" time="0.001"/>
</testsuite>